  pch.cpp
  dllmain.cpp
  ImageProcessor.cpp
E:\OneDrive - tongji.edu.cn\workspace\.NET\SnapDish\ImageProcessor\ImageProcessor\ImageProcessor.cpp(57,27): warning C4018: “<”: 有符号/无符号不匹配
E:\OneDrive - tongji.edu.cn\workspace\.NET\SnapDish\ImageProcessor\ImageProcessor\ImageProcessor.cpp(95,97): warning C4244: “=”: 从“int”转换到“_Tp”，可能丢失数据
E:\OneDrive - tongji.edu.cn\workspace\.NET\SnapDish\ImageProcessor\ImageProcessor\ImageProcessor.cpp(95,97): warning C4244:         with
E:\OneDrive - tongji.edu.cn\workspace\.NET\SnapDish\ImageProcessor\ImageProcessor\ImageProcessor.cpp(95,97): warning C4244:         [
E:\OneDrive - tongji.edu.cn\workspace\.NET\SnapDish\ImageProcessor\ImageProcessor\ImageProcessor.cpp(95,97): warning C4244:             _Tp=float
E:\OneDrive - tongji.edu.cn\workspace\.NET\SnapDish\ImageProcessor\ImageProcessor\ImageProcessor.cpp(95,97): warning C4244:         ]
E:\OneDrive - tongji.edu.cn\workspace\.NET\SnapDish\ImageProcessor\ImageProcessor\ImageProcessor.cpp(96,97): warning C4244: “=”: 从“int”转换到“_Tp”，可能丢失数据
E:\OneDrive - tongji.edu.cn\workspace\.NET\SnapDish\ImageProcessor\ImageProcessor\ImageProcessor.cpp(96,97): warning C4244:         with
E:\OneDrive - tongji.edu.cn\workspace\.NET\SnapDish\ImageProcessor\ImageProcessor\ImageProcessor.cpp(96,97): warning C4244:         [
E:\OneDrive - tongji.edu.cn\workspace\.NET\SnapDish\ImageProcessor\ImageProcessor\ImageProcessor.cpp(96,97): warning C4244:             _Tp=float
E:\OneDrive - tongji.edu.cn\workspace\.NET\SnapDish\ImageProcessor\ImageProcessor\ImageProcessor.cpp(96,97): warning C4244:         ]
E:\OneDrive - tongji.edu.cn\workspace\.NET\SnapDish\ImageProcessor\ImageProcessor\ImageProcessor.cpp(97,97): warning C4244: “=”: 从“int”转换到“_Tp”，可能丢失数据
E:\OneDrive - tongji.edu.cn\workspace\.NET\SnapDish\ImageProcessor\ImageProcessor\ImageProcessor.cpp(97,97): warning C4244:         with
E:\OneDrive - tongji.edu.cn\workspace\.NET\SnapDish\ImageProcessor\ImageProcessor\ImageProcessor.cpp(97,97): warning C4244:         [
E:\OneDrive - tongji.edu.cn\workspace\.NET\SnapDish\ImageProcessor\ImageProcessor\ImageProcessor.cpp(97,97): warning C4244:             _Tp=float
E:\OneDrive - tongji.edu.cn\workspace\.NET\SnapDish\ImageProcessor\ImageProcessor\ImageProcessor.cpp(97,97): warning C4244:         ]
E:\OneDrive - tongji.edu.cn\workspace\.NET\SnapDish\ImageProcessor\ImageProcessor\ImageProcessor.cpp(126,36): warning C4305: “参数”: 从“double”到“float”截断
    正在创建库 E:\OneDrive - tongji.edu.cn\workspace\.NET\SnapDish\ImageProcessor\Win32\Release\ImageProcessor.lib 和对象 E:\OneDrive - tongji.edu.cn\workspace\.NET\SnapDish\ImageProcessor\Win32\Release\ImageProcessor.exp
  正在生成代码
  Previous IPDB not found, fall back to full compilation.
  All 169 functions were compiled because no usable IPDB/IOBJ from previous compilation was found.
  已完成代码的生成
  ImageProcessor.vcxproj -> E:\OneDrive - tongji.edu.cn\workspace\.NET\SnapDish\ImageProcessor\Win32\Release\ImageProcessor.dll
